<?xml version="1.0" encoding="UTF-8"?>
<testsuite xmlns:xsi="http://www.w3.org/2001/XMLSchema-instance" xsi:noNamespaceSchemaLocation="https://maven.apache.org/surefire/maven-surefire-plugin/xsd/surefire-test-report-3.0.xsd" version="3.0" name="com.mycompany.garritasveterinaria.ExampleTest" time="0.203" tests="1" errors="0" skipped="0" failures="0">
  <properties>
    <property name="java.specification.version" value="22"/>
    <property name="sun.cpu.isalist" value="amd64"/>
    <property name="sun.jnu.encoding" value="Cp1252"/>
    <property name="java.class.path" value="C:\Users\LUIGGI\Documents\NetBeansProjects\SistemaWeb_Gestion_Ventas_Licoreria_DonPolo-1.0-SNAPSHOT\GarritasVeterinaria\target\test-classes;C:\Users\LUIGGI\Documents\NetBeansProjects\SistemaWeb_Gestion_Ventas_Licoreria_DonPolo-1.0-SNAPSHOT\GarritasVeterinaria\target\classes;C:\Users\LUIGGI\.m2\repository\jakarta\platform\jakarta.jakartaee-api\10.0.0\jakarta.jakartaee-api-10.0.0.jar;C:\Users\LUIGGI\.m2\repository\jakarta\platform\jakarta.jakartaee-web-api\10.0.0\jakarta.jakartaee-web-api-10.0.0.jar;C:\Users\LUIGGI\.m2\repository\jakarta\servlet\jakarta.servlet-api\6.0.0\jakarta.servlet-api-6.0.0.jar;C:\Users\LUIGGI\.m2\repository\jakarta\servlet\jsp\jakarta.servlet.jsp-api\3.1.0\jakarta.servlet.jsp-api-3.1.0.jar;C:\Users\LUIGGI\.m2\repository\jakarta\el\jakarta.el-api\5.0.1\jakarta.el-api-5.0.1.jar;C:\Users\LUIGGI\.m2\repository\jakarta\servlet\jsp\jstl\jakarta.servlet.jsp.jstl-api\3.0.0\jakarta.servlet.jsp.jstl-api-3.0.0.jar;C:\Users\LUIGGI\.m2\repository\jakarta\faces\jakarta.faces-api\4.0.1\jakarta.faces-api-4.0.1.jar;C:\Users\LUIGGI\.m2\repository\jakarta\ws\rs\jakarta.ws.rs-api\3.1.0\jakarta.ws.rs-api-3.1.0.jar;C:\Users\LUIGGI\.m2\repository\jakarta\websocket\jakarta.websocket-api\2.1.0\jakarta.websocket-api-2.1.0.jar;C:\Users\LUIGGI\.m2\repository\jakarta\websocket\jakarta.websocket-client-api\2.1.0\jakarta.websocket-client-api-2.1.0.jar;C:\Users\LUIGGI\.m2\repository\jakarta\json\jakarta.json-api\2.1.0\jakarta.json-api-2.1.0.jar;C:\Users\LUIGGI\.m2\repository\jakarta\json\bind\jakarta.json.bind-api\3.0.0\jakarta.json.bind-api-3.0.0.jar;C:\Users\LUIGGI\.m2\repository\jakarta\annotation\jakarta.annotation-api\2.1.1\jakarta.annotation-api-2.1.1.jar;C:\Users\LUIGGI\.m2\repository\jakarta\ejb\jakarta.ejb-api\4.0.1\jakarta.ejb-api-4.0.1.jar;C:\Users\LUIGGI\.m2\repository\jakarta\transaction\jakarta.transaction-api\2.0.1\jakarta.transaction-api-2.0.1.jar;C:\Users\LUIGGI\.m2\repository\jakarta\persistence\jakarta.persistence-api\3.1.0\jakarta.persistence-api-3.1.0.jar;C:\Users\LUIGGI\.m2\repository\jakarta\validation\jakarta.validation-api\3.0.2\jakarta.validation-api-3.0.2.jar;C:\Users\LUIGGI\.m2\repository\jakarta\interceptor\jakarta.interceptor-api\2.1.0\jakarta.interceptor-api-2.1.0.jar;C:\Users\LUIGGI\.m2\repository\jakarta\enterprise\jakarta.enterprise.cdi-api\4.0.1\jakarta.enterprise.cdi-api-4.0.1.jar;C:\Users\LUIGGI\.m2\repository\jakarta\enterprise\jakarta.enterprise.lang-model\4.0.1\jakarta.enterprise.lang-model-4.0.1.jar;C:\Users\LUIGGI\.m2\repository\jakarta\inject\jakarta.inject-api\2.0.1\jakarta.inject-api-2.0.1.jar;C:\Users\LUIGGI\.m2\repository\jakarta\authentication\jakarta.authentication-api\3.0.0\jakarta.authentication-api-3.0.0.jar;C:\Users\LUIGGI\.m2\repository\jakarta\security\enterprise\jakarta.security.enterprise-api\3.0.0\jakarta.security.enterprise-api-3.0.0.jar;C:\Users\LUIGGI\.m2\repository\jakarta\jms\jakarta.jms-api\3.1.0\jakarta.jms-api-3.1.0.jar;C:\Users\LUIGGI\.m2\repository\jakarta\activation\jakarta.activation-api\2.1.0\jakarta.activation-api-2.1.0.jar;C:\Users\LUIGGI\.m2\repository\jakarta\mail\jakarta.mail-api\2.1.0\jakarta.mail-api-2.1.0.jar;C:\Users\LUIGGI\.m2\repository\jakarta\resource\jakarta.resource-api\2.1.0\jakarta.resource-api-2.1.0.jar;C:\Users\LUIGGI\.m2\repository\jakarta\authorization\jakarta.authorization-api\2.1.0\jakarta.authorization-api-2.1.0.jar;C:\Users\LUIGGI\.m2\repository\jakarta\batch\jakarta.batch-api\2.1.1\jakarta.batch-api-2.1.1.jar;C:\Users\LUIGGI\.m2\repository\org\junit\jupiter\junit-jupiter\5.9.3\junit-jupiter-5.9.3.jar;C:\Users\LUIGGI\.m2\repository\org\junit\jupiter\junit-jupiter-api\5.9.3\junit-jupiter-api-5.9.3.jar;C:\Users\LUIGGI\.m2\repository\org\opentest4j\opentest4j\1.2.0\opentest4j-1.2.0.jar;C:\Users\LUIGGI\.m2\repository\org\junit\platform\junit-platform-commons\1.9.3\junit-platform-commons-1.9.3.jar;C:\Users\LUIGGI\.m2\repository\org\apiguardian\apiguardian-api\1.1.2\apiguardian-api-1.1.2.jar;C:\Users\LUIGGI\.m2\repository\org\junit\jupiter\junit-jupiter-params\5.9.3\junit-jupiter-params-5.9.3.jar;C:\Users\LUIGGI\.m2\repository\org\junit\jupiter\junit-jupiter-engine\5.9.3\junit-jupiter-engine-5.9.3.jar;C:\Users\LUIGGI\.m2\repository\org\junit\platform\junit-platform-engine\1.9.3\junit-platform-engine-1.9.3.jar;"/>
    <property name="java.vm.vendor" value="Oracle Corporation"/>
    <property name="sun.arch.data.model" value="64"/>
    <property name="user.variant" value=""/>
    <property name="java.vendor.url" value="https://java.oracle.com/"/>
    <property name="user.timezone" value="America/Lima"/>
    <property name="os.name" value="Windows 10"/>
    <property name="java.vm.specification.version" value="22"/>
    <property name="sun.java.launcher" value="SUN_STANDARD"/>
    <property name="user.country" value="PE"/>
    <property name="sun.boot.library.path" value="C:\Program Files\Java\jdk-22\bin"/>
    <property name="sun.java.command" value="C:\Users\LUIGGI\AppData\Local\Temp\surefire7410590334324403206\surefirebooter-20251004220612846_3.jar C:\Users\LUIGGI\AppData\Local\Temp\surefire7410590334324403206 2025-10-04T22-06-11_164-jvmRun1 surefire-20251004220612846_1tmp surefire_0-20251004220612846_2tmp"/>
    <property name="jdk.debug" value="release"/>
    <property name="surefire.test.class.path" value="C:\Users\LUIGGI\Documents\NetBeansProjects\SistemaWeb_Gestion_Ventas_Licoreria_DonPolo-1.0-SNAPSHOT\GarritasVeterinaria\target\test-classes;C:\Users\LUIGGI\Documents\NetBeansProjects\SistemaWeb_Gestion_Ventas_Licoreria_DonPolo-1.0-SNAPSHOT\GarritasVeterinaria\target\classes;C:\Users\LUIGGI\.m2\repository\jakarta\platform\jakarta.jakartaee-api\10.0.0\jakarta.jakartaee-api-10.0.0.jar;C:\Users\LUIGGI\.m2\repository\jakarta\platform\jakarta.jakartaee-web-api\10.0.0\jakarta.jakartaee-web-api-10.0.0.jar;C:\Users\LUIGGI\.m2\repository\jakarta\servlet\jakarta.servlet-api\6.0.0\jakarta.servlet-api-6.0.0.jar;C:\Users\LUIGGI\.m2\repository\jakarta\servlet\jsp\jakarta.servlet.jsp-api\3.1.0\jakarta.servlet.jsp-api-3.1.0.jar;C:\Users\LUIGGI\.m2\repository\jakarta\el\jakarta.el-api\5.0.1\jakarta.el-api-5.0.1.jar;C:\Users\LUIGGI\.m2\repository\jakarta\servlet\jsp\jstl\jakarta.servlet.jsp.jstl-api\3.0.0\jakarta.servlet.jsp.jstl-api-3.0.0.jar;C:\Users\LUIGGI\.m2\repository\jakarta\faces\jakarta.faces-api\4.0.1\jakarta.faces-api-4.0.1.jar;C:\Users\LUIGGI\.m2\repository\jakarta\ws\rs\jakarta.ws.rs-api\3.1.0\jakarta.ws.rs-api-3.1.0.jar;C:\Users\LUIGGI\.m2\repository\jakarta\websocket\jakarta.websocket-api\2.1.0\jakarta.websocket-api-2.1.0.jar;C:\Users\LUIGGI\.m2\repository\jakarta\websocket\jakarta.websocket-client-api\2.1.0\jakarta.websocket-client-api-2.1.0.jar;C:\Users\LUIGGI\.m2\repository\jakarta\json\jakarta.json-api\2.1.0\jakarta.json-api-2.1.0.jar;C:\Users\LUIGGI\.m2\repository\jakarta\json\bind\jakarta.json.bind-api\3.0.0\jakarta.json.bind-api-3.0.0.jar;C:\Users\LUIGGI\.m2\repository\jakarta\annotation\jakarta.annotation-api\2.1.1\jakarta.annotation-api-2.1.1.jar;C:\Users\LUIGGI\.m2\repository\jakarta\ejb\jakarta.ejb-api\4.0.1\jakarta.ejb-api-4.0.1.jar;C:\Users\LUIGGI\.m2\repository\jakarta\transaction\jakarta.transaction-api\2.0.1\jakarta.transaction-api-2.0.1.jar;C:\Users\LUIGGI\.m2\repository\jakarta\persistence\jakarta.persistence-api\3.1.0\jakarta.persistence-api-3.1.0.jar;C:\Users\LUIGGI\.m2\repository\jakarta\validation\jakarta.validation-api\3.0.2\jakarta.validation-api-3.0.2.jar;C:\Users\LUIGGI\.m2\repository\jakarta\interceptor\jakarta.interceptor-api\2.1.0\jakarta.interceptor-api-2.1.0.jar;C:\Users\LUIGGI\.m2\repository\jakarta\enterprise\jakarta.enterprise.cdi-api\4.0.1\jakarta.enterprise.cdi-api-4.0.1.jar;C:\Users\LUIGGI\.m2\repository\jakarta\enterprise\jakarta.enterprise.lang-model\4.0.1\jakarta.enterprise.lang-model-4.0.1.jar;C:\Users\LUIGGI\.m2\repository\jakarta\inject\jakarta.inject-api\2.0.1\jakarta.inject-api-2.0.1.jar;C:\Users\LUIGGI\.m2\repository\jakarta\authentication\jakarta.authentication-api\3.0.0\jakarta.authentication-api-3.0.0.jar;C:\Users\LUIGGI\.m2\repository\jakarta\security\enterprise\jakarta.security.enterprise-api\3.0.0\jakarta.security.enterprise-api-3.0.0.jar;C:\Users\LUIGGI\.m2\repository\jakarta\jms\jakarta.jms-api\3.1.0\jakarta.jms-api-3.1.0.jar;C:\Users\LUIGGI\.m2\repository\jakarta\activation\jakarta.activation-api\2.1.0\jakarta.activation-api-2.1.0.jar;C:\Users\LUIGGI\.m2\repository\jakarta\mail\jakarta.mail-api\2.1.0\jakarta.mail-api-2.1.0.jar;C:\Users\LUIGGI\.m2\repository\jakarta\resource\jakarta.resource-api\2.1.0\jakarta.resource-api-2.1.0.jar;C:\Users\LUIGGI\.m2\repository\jakarta\authorization\jakarta.authorization-api\2.1.0\jakarta.authorization-api-2.1.0.jar;C:\Users\LUIGGI\.m2\repository\jakarta\batch\jakarta.batch-api\2.1.1\jakarta.batch-api-2.1.1.jar;C:\Users\LUIGGI\.m2\repository\org\junit\jupiter\junit-jupiter\5.9.3\junit-jupiter-5.9.3.jar;C:\Users\LUIGGI\.m2\repository\org\junit\jupiter\junit-jupiter-api\5.9.3\junit-jupiter-api-5.9.3.jar;C:\Users\LUIGGI\.m2\repository\org\opentest4j\opentest4j\1.2.0\opentest4j-1.2.0.jar;C:\Users\LUIGGI\.m2\repository\org\junit\platform\junit-platform-commons\1.9.3\junit-platform-commons-1.9.3.jar;C:\Users\LUIGGI\.m2\repository\org\apiguardian\apiguardian-api\1.1.2\apiguardian-api-1.1.2.jar;C:\Users\LUIGGI\.m2\repository\org\junit\jupiter\junit-jupiter-params\5.9.3\junit-jupiter-params-5.9.3.jar;C:\Users\LUIGGI\.m2\repository\org\junit\jupiter\junit-jupiter-engine\5.9.3\junit-jupiter-engine-5.9.3.jar;C:\Users\LUIGGI\.m2\repository\org\junit\platform\junit-platform-engine\1.9.3\junit-platform-engine-1.9.3.jar;"/>
    <property name="sun.cpu.endian" value="little"/>
    <property name="user.home" value="C:\Users\LUIGGI"/>
    <property name="user.language" value="es"/>
    <property name="java.specification.vendor" value="Oracle Corporation"/>
    <property name="java.version.date" value="2024-07-16"/>
    <property name="java.home" value="C:\Program Files\Java\jdk-22"/>
    <property name="file.separator" value="\"/>
    <property name="basedir" value="C:\Users\LUIGGI\Documents\NetBeansProjects\SistemaWeb_Gestion_Ventas_Licoreria_DonPolo-1.0-SNAPSHOT\GarritasVeterinaria"/>
    <property name="java.vm.compressedOopsMode" value="32-bit"/>
    <property name="line.separator" value="&#10;"/>
    <property name="java.vm.specification.vendor" value="Oracle Corporation"/>
    <property name="java.specification.name" value="Java Platform API Specification"/>
    <property name="surefire.real.class.path" value="C:\Users\LUIGGI\AppData\Local\Temp\surefire7410590334324403206\surefirebooter-20251004220612846_3.jar"/>
    <property name="user.script" value=""/>
    <property name="sun.management.compiler" value="HotSpot 64-Bit Tiered Compilers"/>
    <property name="java.runtime.version" value="22.0.2+9-70"/>
    <property name="user.name" value="LUIGGI"/>
    <property name="stdout.encoding" value="Cp1252"/>
    <property name="path.separator" value=";"/>
    <property name="os.version" value="10.0"/>
    <property name="java.runtime.name" value="Java(TM) SE Runtime Environment"/>
    <property name="file.encoding" value="UTF-8"/>
    <property name="java.vm.name" value="Java HotSpot(TM) 64-Bit Server VM"/>
    <property name="skipTests" value="false"/>
    <property name="localRepository" value="C:\Users\LUIGGI\.m2\repository"/>
    <property name="java.vendor.url.bug" value="https://bugreport.java.com/bugreport/"/>
    <property name="java.io.tmpdir" value="C:\Users\LUIGGI\AppData\Local\Temp\"/>
    <property name="java.version" value="22.0.2"/>
    <property name="user.dir" value="C:\Users\LUIGGI\Documents\NetBeansProjects\SistemaWeb_Gestion_Ventas_Licoreria_DonPolo-1.0-SNAPSHOT\GarritasVeterinaria"/>
    <property name="os.arch" value="amd64"/>
    <property name="java.vm.specification.name" value="Java Virtual Machine Specification"/>
    <property name="sun.os.patch.level" value=""/>
    <property name="native.encoding" value="Cp1252"/>
    <property name="trimStackTrace" value="false"/>
    <property name="java.library.path" value="C:\Program Files\Java\jdk-22\bin;C:\WINDOWS\Sun\Java\bin;C:\WINDOWS\system32;C:\WINDOWS;C:\Users\LUIGGI\\apache-maven\\apache-maven-3.9.6\\bin;C:\Program Files\Common Files\Oracle\Java\javapath;C:\WINDOWS\system32;C:\WINDOWS;C:\WINDOWS\System32\Wbem;C:\WINDOWS\System32\WindowsPowerShell\v1.0\;C:\WINDOWS\System32\OpenSSH\;C:\Program Files (x86)\Microsoft SQL Server\160\Tools\Binn\;C:\Program Files\Microsoft SQL Server\160\Tools\Binn\;C:\Program Files\Microsoft SQL Server\Client SDK\ODBC\170\Tools\Binn\;C:\Program Files\Microsoft SQL Server\160\DTS\Binn\;D:\LINGO64_20\;C:\Program Files\Java\jdk-22\bin;C:\ProgramData\chocolatey\bin;C:\php;C:\xampp\php;C:\ProgramData\ComposerSetup\bin;C:\Program Files\Git\cmd;C:\Users\LUIGGI\AppData\Local\nvm;C:\nvm4w\nodejs;C:\Users\LUIGGI\AppData\Local\Microsoft\WindowsApps;C:\Program Files\MongoDB\Server\5.0\bin;C:\Users\LUIGGI\AppData\Local\Programs\Microsoft VS Code\bin;C:\Users\LUIGGI\AppData\Local\GitHubDesktop\bin;C:\Program Files\Java\jdk-20.0.2\bin;C:\Program Files\Azure Data Studio\bin;C:\Program Files\Azure Data Studio\bin;C:\Program Files\Java\jdk-22\bin;C:\Users\LUIGGI\AppData\Roaming\npm;C:\Users\LUIGGI\AppData\Roaming\Composer\vendor\bin;C:\Users\LUIGGI\AppData\Local\nvm;C:\nvm4w\nodejs;c:\Users\LUIGGI\AppData\Roaming\Code\User\globalStorage\github.copilot-chat\debugCommand;."/>
    <property name="java.vm.info" value="mixed mode, sharing"/>
    <property name="stderr.encoding" value="Cp1252"/>
    <property name="java.vendor" value="Oracle Corporation"/>
    <property name="java.vm.version" value="22.0.2+9-70"/>
    <property name="sun.io.unicode.encoding" value="UnicodeLittle"/>
    <property name="java.class.version" value="66.0"/>
  </properties>
  <testcase name="simpleTest" classname="com.mycompany.garritasveterinaria.ExampleTest" time="0.131"/>
</testsuite>